Unity Editor version:    2021.3.28f1 (232e59c3f087)
Branch:                  2021.3/release
Build type:              Release
Batch mode:              YES
System name:             Linux
Distro version:          #1 SMP PREEMPT Sun Jul 16 18:19:32 PDT 2023
Kernel version:          5.15.112-19392-gbd4870223633
Architecture:            x86_64
Available memory:        6580 MB
Using pre-set license
Pro License: YES
Desktop is 1366 x 768 @ 60 Hz
Initialize udev device monitor.

COMMAND LINE ARGUMENTS:
Unity
-adb2
-batchMode
-noUpm
-name
AssetImportWorker0
-projectPath
/home/famakerspace/Vindle Ring
-logFile
Logs/AssetImportWorker0.log
-srvPort
36465
Successfully changed project path to: /home/famakerspace/Vindle Ring
/home/famakerspace/Vindle Ring
[UnityMemory] Configuration Parameters - Can be set up in boot.config
    "memorysetup-bucket-allocator-granularity=16"
    "memorysetup-bucket-allocator-bucket-count=8"
    "memorysetup-bucket-allocator-block-size=33554432"
    "memorysetup-bucket-allocator-block-count=8"
    "memorysetup-main-allocator-block-size=16777216"
    "memorysetup-thread-allocator-block-size=16777216"
    "memorysetup-gfx-main-allocator-block-size=16777216"
    "memorysetup-gfx-thread-allocator-block-size=16777216"
    "memorysetup-cache-allocator-block-size=4194304"
    "memorysetup-typetree-allocator-block-size=2097152"
    "memorysetup-profiler-bucket-allocator-granularity=16"
    "memorysetup-profiler-bucket-allocator-bucket-count=8"
    "memorysetup-profiler-bucket-allocator-block-size=33554432"
    "memorysetup-profiler-bucket-allocator-block-count=8"
    "memorysetup-profiler-allocator-block-size=16777216"
    "memorysetup-profiler-editor-allocator-block-size=1048576"
    "memorysetup-temp-allocator-size-main=16777216"
    "memorysetup-job-temp-allocator-block-size=2097152"
    "memorysetup-job-temp-allocator-block-size-background=1048576"
    "memorysetup-job-temp-allocator-reduction-small-platforms=262144"
    "memorysetup-temp-allocator-size-background-worker=32768"
    "memorysetup-temp-allocator-size-job-worker=262144"
    "memorysetup-temp-allocator-size-preload-manager=33554432"
    "memorysetup-temp-allocator-size-nav-mesh-worker=65536"
    "memorysetup-temp-allocator-size-audio-worker=65536"
    "memorysetup-temp-allocator-size-cloud-worker=32768"
    "memorysetup-temp-allocator-size-gi-baking-worker=262144"
    "memorysetup-temp-allocator-size-gfx=262144"
Player connection [135890606261120] Host "[IP] 100.115.92.194 [Port] 0 [Flags] 2 [Guid] 2160465644 [EditorId] 2160465644 [Version] 1048832 [Id] LinuxEditor(16,100.115.92.194) [Debug] 1 [PackageName] LinuxEditor [ProjectName] Editor" joined multi-casting on [225.0.0.222:54997]...

Player connection [135890606261120] Host "[IP] 100.115.92.194 [Port] 0 [Flags] 2 [Guid] 2160465644 [EditorId] 2160465644 [Version] 1048832 [Id] LinuxEditor(16,100.115.92.194) [Debug] 1 [PackageName] LinuxEditor [ProjectName] Editor" joined alternative multi-casting on [225.0.0.222:34997]...

Unable to load player prefs
Refreshing native plugins compatible for Editor in 160.95 ms, found 0 plugins.
Preloading 0 native plugins for Editor in 0.00 ms.
Initialize engine version: 2021.3.28f1 (232e59c3f087)
[Subsystems] Discovering subsystems at path /home/famakerspace/Unity/Hub/Editor/2021.3.28f1/Editor/Data/Resources/UnitySubsystems
[Subsystems] Discovering subsystems at path /home/famakerspace/Vindle Ring/Assets
GLX Extensions: GLX_ARB_context_flush_control GLX_ARB_create_context GLX_ARB_create_context_no_error GLX_ARB_create_context_profile GLX_ARB_fbconfig_float GLX_ARB_framebuffer_sRGB GLX_ARB_get_proc_address GLX_ARB_multisample GLX_EXT_buffer_age GLX_EXT_create_context_es2_profile GLX_EXT_create_context_es_profile GLX_EXT_fbconfig_packed_float GLX_EXT_framebuffer_sRGB GLX_EXT_import_context GLX_EXT_no_config_context GLX_EXT_swap_control GLX_EXT_swap_control_tear GLX_EXT_texture_from_pixmap GLX_EXT_visual_info GLX_EXT_visual_rating GLX_MESA_copy_sub_buffer GLX_MESA_query_renderer GLX_MESA_swap_control GLX_OML_swap_method GLX_OML_sync_control GLX_SGIS_multisample GLX_SGIX_fbconfig GLX_SGIX_pbuffer GLX_SGIX_visual_select_group GLX_SGI_make_current_read GLX_SGI_video_sync 
Renderer: virgl (Mesa Intel(R) UHD Graphics (JSL))
Vendor:   Mesa
Version:  4.3 (Core Profile) Mesa 23.1.3-1
GLES:     0
 GL_AMD_conservative_depth GL_AMD_draw_buffers_blend GL_AMD_multi_draw_indirect GL_AMD_shader_trinary_minmax GL_AMD_texture_texture4 GL_ANGLE_texture_compression_dxt3 GL_ANGLE_texture_compression_dxt5 GL_ARB_ES2_compatibility GL_ARB_ES3_1_compatibility GL_ARB_ES3_2_compatibility GL_ARB_ES3_compatibility GL_ARB_arrays_of_arrays GL_ARB_base_instance GL_ARB_blend_func_extended GL_ARB_clear_buffer_object GL_ARB_clear_texture GL_ARB_clip_control GL_ARB_compressed_texture_pixel_storage GL_ARB_compute_shader GL_ARB_conservative_depth GL_ARB_copy_buffer GL_ARB_copy_image GL_ARB_cull_distance GL_ARB_debug_output GL_ARB_depth_buffer_float GL_ARB_depth_clamp GL_ARB_direct_state_access GL_ARB_draw_buffers GL_ARB_draw_buffers_blend GL_ARB_draw_elements_base_vertex GL_ARB_draw_indirect GL_ARB_draw_instanced GL_ARB_enhanced_layouts GL_ARB_explicit_attrib_location GL_ARB_explicit_uniform_location GL_ARB_fragment_coord_conventions GL_ARB_fragment_layer_viewport GL_ARB_fragment_shader GL_ARB_framebuffer_no_attachments GL_ARB_
framebuffer_object GL_ARB_framebuffer_sRGB GL_ARB_get_program_binary GL_ARB_get_texture_sub_image GL_ARB_gpu_shader5 GL_ARB_gpu_shader_fp64 GL_ARB_half_float_pixel GL_ARB_half_float_vertex GL_ARB_instanced_arrays GL_ARB_internalformat_query GL_ARB_internalformat_query2 GL_ARB_invalidate_subdata GL_ARB_map_buffer_alignment GL_ARB_map_buffer_range GL_ARB_multi_bind GL_ARB_multi_draw_indirect GL_ARB_occlusion_query2 GL_ARB_parallel_shader_compile GL_ARB_pixel_buffer_object GL_ARB_point_sprite GL_ARB_polygon_offset_clamp GL_ARB_program_interface_query GL_ARB_provoking_vertex GL_ARB_robust_buffer_access_behavior GL_ARB_robustness GL_ARB_sample_shading GL_ARB_sampler_objects GL_ARB_seamless_cube_map GL_ARB_separate_shader_objects GL_ARB_shader_atomic_counter_ops GL_ARB_shader_atomic_counters GL_ARB_shader_bit_encoding GL_ARB_shader_image_load_store GL_ARB_shader_image_size GL_ARB_shader_objects GL_ARB_shader_precision GL_ARB_shader_storage_buffer_object GL_ARB_shader_subroutine GL_ARB_shader_texture_lod GL_ARB_sha
ding_language_420pack GL_ARB_shading_language_include GL_ARB_shading_language_packing GL_ARB_stencil_texturing GL_ARB_sync GL_ARB_tessellation_shader GL_ARB_texture_buffer_object GL_ARB_texture_buffer_object_rgb32 GL_ARB_texture_buffer_range GL_ARB_texture_compression_bptc GL_ARB_texture_compression_rgtc GL_ARB_texture_cube_map_array GL_ARB_texture_filter_anisotropic GL_ARB_texture_float GL_ARB_texture_gather GL_ARB_texture_mirror_clamp_to_edge GL_ARB_texture_multisample GL_ARB_texture_non_power_of_two GL_ARB_texture_query_levels GL_ARB_texture_query_lod GL_ARB_texture_rectangle GL_ARB_texture_rg GL_ARB_texture_rgb10_a2ui GL_ARB_texture_stencil8 GL_ARB_texture_storage GL_ARB_texture_storage_multisample GL_ARB_texture_swizzle GL_ARB_texture_view GL_ARB_timer_query GL_ARB_transform_feedback2 GL_ARB_transform_feedback3 GL_ARB_transform_feedback_instanced GL_ARB_uniform_buffer_object GL_ARB_vertex_array_bgra GL_ARB_vertex_array_object GL_ARB_vertex_attrib_64bit GL_ARB_vertex_attrib_binding GL_ARB_vertex_buffer_o
bject GL_ARB_vertex_shader GL_ARB_vertex_type_2_10_10_10_rev GL_ARB_viewport_array GL_ATI_blend_equation_separate GL_ATI_texture_float GL_ATI_texture_mirror_once GL_EXT_EGL_image_storage GL_EXT_EGL_sync GL_EXT_abgr GL_EXT_blend_equation_separate GL_EXT_debug_label GL_EXT_draw_buffers2 GL_EXT_draw_instanced GL_EXT_framebuffer_blit GL_EXT_framebuffer_multisample GL_EXT_framebuffer_multisample_blit_scaled GL_EXT_framebuffer_object GL_EXT_framebuffer_sRGB GL_EXT_packed_depth_stencil GL_EXT_packed_float GL_EXT_pixel_buffer_object GL_EXT_polygon_offset_clamp GL_EXT_provoking_vertex GL_EXT_shader_integer_mix GL_EXT_texture_array GL_EXT_texture_compression_dxt1 GL_EXT_texture_compression_rgtc GL_EXT_texture_compression_s3tc GL_EXT_texture_filter_anisotropic GL_EXT_texture_integer GL_EXT_texture_mirror_clamp GL_EXT_texture_sRGB GL_EXT_texture_sRGB_R8 GL_EXT_texture_sRGB_decode GL_EXT_texture_shadow_lod GL_EXT_texture_shared_exponent GL_EXT_texture_snorm GL_EXT_texture_swizzle GL_EXT_timer_query GL_EXT_transform_feedb
ack GL_EXT_vertex_array_bgra GL_EXT_vertex_attrib_64bit GL_IBM_multimode_draw_arrays GL_KHR_blend_equation_advanced GL_KHR_context_flush_control GL_KHR_debug GL_KHR_no_error GL_KHR_parallel_shader_compile GL_KHR_robust_buffer_access_behavior GL_KHR_robustness GL_KHR_texture_compression_astc_ldr GL_KHR_texture_compression_astc_sliced_3d GL_MESA_framebuffer_flip_y GL_MESA_pack_invert GL_MESA_shader_integer_functions GL_MESA_texture_signed_rgba GL_NV_conditional_render GL_NV_copy_image GL_NV_depth_clamp GL_NV_packed_depth_stencil GL_OES_EGL_image GL_S3_s3tc
OPENGL LOG: Creating OpenGL 4.3 graphics device ; Context level  <OpenGL 4.3> ; Context handle 1985798768
Initialize mono
Mono path[0] = '/home/famakerspace/Unity/Hub/Editor/2021.3.28f1/Editor/Data/Managed'
Mono path[1] = '/home/famakerspace/Unity/Hub/Editor/2021.3.28f1/Editor/Data/MonoBleedingEdge/lib/mono/unityjit-linux'
Mono config path = '/home/famakerspace/Unity/Hub/Editor/2021.3.28f1/Editor/Data/MonoBleedingEdge/etc'
Using monoOptions --debugger-agent=transport=dt_socket,embedding=1,server=y,suspend=n,address=127.0.0.1:56212
Begin MonoManager ReloadAssembly
Registering precompiled unity dll's ...
Register platform support module: /home/famakerspace/Unity/Hub/Editor/2021.3.28f1/Editor/Data/PlaybackEngines/LinuxStandaloneSupport/UnityEditor.LinuxStandalone.Extensions.dll
Registered in 0.012973 seconds.
Native extension for LinuxStandalone target not found
Refreshing native plugins compatible for Editor in 177.34 ms, found 0 plugins.
Preloading 0 native plugins for Editor in 0.00 ms.
Mono: successfully reloaded assembly
- Completed reload, in  1.539 seconds
Domain Reload Profiling:
	ReloadAssembly (1540ms)
		BeginReloadAssembly (168ms)
			ExecutionOrderSort (0ms)
			DisableScriptedObjects (0ms)
			BackupInstance (0ms)
			ReleaseScriptingObjects (0ms)
			CreateAndSetChildDomain (2ms)
		EndReloadAssembly (1122ms)
			LoadAssemblies (163ms)
			RebuildTransferFunctionScriptingTraits (0ms)
			SetupTypeCache (255ms)
			ReleaseScriptCaches (0ms)
			RebuildScriptCaches (75ms)
			SetupLoadedEditorAssemblies (625ms)
				LogAssemblyErrors (0ms)
				InitializePlatformSupportModulesInManaged (18ms)
				SetLoadedEditorAssemblies (0ms)
				RefreshPlugins (177ms)
				BeforeProcessingInitializeOnLoad (3ms)
				ProcessInitializeOnLoadAttributes (320ms)
				ProcessInitializeOnLoadMethodAttributes (105ms)
				AfterProcessingInitializeOnLoad (0ms)
				EditorAssembliesLoaded (0ms)
			ExecutionOrderSort2 (0ms)
			AwakeInstancesAfterBackupRestoration (0ms)
Platform modules already initialized, skipping
Registering precompiled user dll's ...
Registered in 0.013967 seconds.
Begin MonoManager ReloadAssembly
Symbol file LoadedFromMemory doesn't match image /home/famakerspace/Vindle Ring/Library/PackageCache/com.unity.visualscripting@1.8.0/Editor/VisualScripting.Core/Dependencies/YamlDotNet/Unity.VisualScripting.YamlDotNet.dll
Symbol file LoadedFromMemory doesn't match image /home/famakerspace/Vindle Ring/Library/PackageCache/com.unity.visualscripting@1.8.0/Editor/VisualScripting.Core/Dependencies/DotNetZip/Unity.VisualScripting.IonicZip.dll
Native extension for LinuxStandalone target not found
Refreshing native plugins compatible for Editor in 1.45 ms, found 0 plugins.
Preloading 0 native plugins for Editor in 0.00 ms.
Mono: successfully reloaded assembly
- Completed reload, in  2.420 seconds
Domain Reload Profiling:
	ReloadAssembly (2421ms)
		BeginReloadAssembly (306ms)
			ExecutionOrderSort (0ms)
			DisableScriptedObjects (11ms)
			BackupInstance (0ms)
			ReleaseScriptingObjects (1ms)
			CreateAndSetChildDomain (68ms)
		EndReloadAssembly (1901ms)
			LoadAssemblies (214ms)
			RebuildTransferFunctionScriptingTraits (0ms)
			SetupTypeCache (828ms)
			ReleaseScriptCaches (2ms)
			RebuildScriptCaches (134ms)
			SetupLoadedEditorAssemblies (686ms)
				LogAssemblyErrors (0ms)
				InitializePlatformSupportModulesInManaged (14ms)
				SetLoadedEditorAssemblies (1ms)
				RefreshPlugins (2ms)
				BeforeProcessingInitializeOnLoad (154ms)
				ProcessInitializeOnLoadAttributes (437ms)
				ProcessInitializeOnLoadMethodAttributes (60ms)
				AfterProcessingInitializeOnLoad (18ms)
				EditorAssembliesLoaded (0ms)
			ExecutionOrderSort2 (0ms)
			AwakeInstancesAfterBackupRestoration (8ms)
Platform modules already initialized, skipping
========================================================================
Worker process is ready to serve import requests
Launched and connected shader compiler UnityShaderCompiler after 0.05 seconds
Refreshing native plugins compatible for Editor in 9.55 ms, found 0 plugins.
Preloading 0 native plugins for Editor in 0.00 ms.
Unloading 3847 Unused Serialized files (Serialized files now loaded: 0)
Unloading 33 unused Assets / (36.8 KB). Loaded Objects now: 4298.
Memory consumption went from 142.1 MB to 142.1 MB.
Total: 9.915027 ms (FindLiveObjects: 1.236918 ms CreateObjectMapping: 1.732871 ms MarkObjects: 6.567634 ms  DeleteObjects: 0.372840 ms)

AssetImportParameters requested are different than current active one (requested -> active):
  custom:video-decoder-ogg-theora: a1e56fd34408186e4bbccfd4996cb3dc -> 
  custom:container-muxer-webm: aa71ff27fc2769a1b78a27578f13a17b -> 
  custom:container-demuxer-webm: 4f35f7cbe854078d1ac9338744f61a02 -> 
  custom:video-encoder-webm-vp8: eb34c28f22e8b96e1ab97ce403110664 -> 
  custom:CustomObjectIndexerAttribute: bc11b3a6c3213fcdd17b65e7da85e133 -> 
  custom:audio-encoder-webm-vorbis: bf7c407c2cedff20999df2af8eb42d56 -> 
  custom:container-demuxer-ogg: 62fdf1f143b41e24485cea50d1cbac27 -> 
  custom:video-decoder-webm-vp8: 9c59270c3fd7afecdb556c50c9e8de78 -> 
  custom:audio-decoder-ogg-vorbis: bf7c407c2cedff20999df2af8eb42d56 -> 
========================================================================
Received Import Request.
  Time since last request: 37542.068123 seconds.
  path: Assets/Prefabs
  artifactKey: Guid(0a00c6506919fa4a3b0b43b2aff5bde6) Importer(815301076,1909f56bfc062723c751e8b465ee728b)
Start importing Assets/Prefabs using Guid(0a00c6506919fa4a3b0b43b2aff5bde6) Importer(815301076,1909f56bfc062723c751e8b465ee728b)  -> (artifact id: 'ccfe9316c705f5f84c787970c17c1864') in 0.022444 seconds 
========================================================================
Received Import Request.
  Time since last request: 7.146822 seconds.
  path: Assets/Prefabs/Player
  artifactKey: Guid(8c364ddf41ebcc04d920c1575f42c40c) Importer(815301076,1909f56bfc062723c751e8b465ee728b)
Start importing Assets/Prefabs/Player using Guid(8c364ddf41ebcc04d920c1575f42c40c) Importer(815301076,1909f56bfc062723c751e8b465ee728b)  -> (artifact id: '3089bd51937e3fa76e9ca1aca6695755') in 0.001777 seconds 
========================================================================
Received Import Request.
  Time since last request: 59.468831 seconds.
  path: Assets/Models
  artifactKey: Guid(b625f855fa195e518a1c8fa414c1fda8) Importer(815301076,1909f56bfc062723c751e8b465ee728b)
Start importing Assets/Models using Guid(b625f855fa195e518a1c8fa414c1fda8) Importer(815301076,1909f56bfc062723c751e8b465ee728b)  -> (artifact id: 'fa678920ca91fcf16b29d75da66adaa6') in 0.003076 seconds 
========================================================================
Received Import Request.
  Time since last request: 0.645960 seconds.
  path: Assets/Models/Player
  artifactKey: Guid(b7b1ce5a08e8dbc9eb9e4c01372cb826) Importer(815301076,1909f56bfc062723c751e8b465ee728b)
Start importing Assets/Models/Player using Guid(b7b1ce5a08e8dbc9eb9e4c01372cb826) Importer(815301076,1909f56bfc062723c751e8b465ee728b)  -> (artifact id: '88ab6cf713da0b355193ebd31dcafbef') in 0.001528 seconds 
========================================================================
Received Import Request.
  Time since last request: 0.170408 seconds.
  path: Assets/Models/Player/Md_Char_Low_Poly_Man.fbx
  artifactKey: Guid(a9a3977ab7960c7d4a7ea70e2893edcd) Importer(815301076,1909f56bfc062723c751e8b465ee728b)
Start importing Assets/Models/Player/Md_Char_Low_Poly_Man.fbx using Guid(a9a3977ab7960c7d4a7ea70e2893edcd) Importer(815301076,1909f56bfc062723c751e8b465ee728b)  -> (artifact id: 'af2c5be981a8759a6119fd7e6d17d98b') in 0.829428 seconds 
========================================================================
Received Import Request.
  Time since last request: 34.093811 seconds.
  path: Assets
  artifactKey: Guid(00000000000000001000000000000000) Importer(815301076,1909f56bfc062723c751e8b465ee728b)
Start importing Assets using Guid(00000000000000001000000000000000) Importer(815301076,1909f56bfc062723c751e8b465ee728b)  -> (artifact id: '79842766b460edbeab6a34051e857a80') in 0.002449 seconds 
========================================================================
Received Import Request.
  Time since last request: 2.854882 seconds.
  path: Assets/Data
  artifactKey: Guid(042bb0dc98d9fe9fcb843cdd8b1166ff) Importer(815301076,1909f56bfc062723c751e8b465ee728b)
Start importing Assets/Data using Guid(042bb0dc98d9fe9fcb843cdd8b1166ff) Importer(815301076,1909f56bfc062723c751e8b465ee728b)  -> (artifact id: 'a82bf9c306277a7d884f2808a2f57924') in 0.001675 seconds 
========================================================================
Received Import Request.
  Time since last request: 38.890800 seconds.
  path: Assets/Prefabs/Player/Player.prefab
  artifactKey: Guid(3fdca25cdc3076b49bdab2ee48e4f11d) Importer(815301076,1909f56bfc062723c751e8b465ee728b)
Start importing Assets/Prefabs/Player/Player.prefab using Guid(3fdca25cdc3076b49bdab2ee48e4f11d) Importer(815301076,1909f56bfc062723c751e8b465ee728b)  -> (artifact id: '009a9f6ab1af19c4212e7c618fed656d') in 0.031999 seconds 
========================================================================
Received Import Request.
  Time since last request: 56.282955 seconds.
  path: Assets/Prefabs/Player/Player.prefab
  artifactKey: Guid(3fdca25cdc3076b49bdab2ee48e4f11d) Importer(815301076,1909f56bfc062723c751e8b465ee728b)
Start importing Assets/Prefabs/Player/Player.prefab using Guid(3fdca25cdc3076b49bdab2ee48e4f11d) Importer(815301076,1909f56bfc062723c751e8b465ee728b)  -> (artifact id: 'cf05a288fb676ebf2dbd97f262572547') in 0.047156 seconds 
========================================================================
Received Import Request.
  Time since last request: 710.773167 seconds.
  path: Assets/TextMesh Pro
  artifactKey: Guid(f54d1bd14bd3ca042bd867b519fee8cc) Importer(815301076,1909f56bfc062723c751e8b465ee728b)
Start importing Assets/TextMesh Pro using Guid(f54d1bd14bd3ca042bd867b519fee8cc) Importer(815301076,1909f56bfc062723c751e8b465ee728b)  -> (artifact id: 'f5648c5ef36b7beab651a001a8d08867') in 0.009096 seconds 
========================================================================
Received Import Request.
  Time since last request: 1.102337 seconds.
  path: Assets/Images
  artifactKey: Guid(f54ff7e5a0f79ffe9bbd1bc66df8a48d) Importer(815301076,1909f56bfc062723c751e8b465ee728b)
Start importing Assets/Images using Guid(f54ff7e5a0f79ffe9bbd1bc66df8a48d) Importer(815301076,1909f56bfc062723c751e8b465ee728b)  -> (artifact id: '7ae372f1f9fc7e8282e00bf02ef86094') in 0.012136 seconds 
========================================================================
Received Import Request.
  Time since last request: 0.551159 seconds.
  path: Assets/Images/Text
  artifactKey: Guid(c8546397f84631d57861b9fbd5a03233) Importer(815301076,1909f56bfc062723c751e8b465ee728b)
Start importing Assets/Images/Text using Guid(c8546397f84631d57861b9fbd5a03233) Importer(815301076,1909f56bfc062723c751e8b465ee728b)  -> (artifact id: '92d5db88c6de39e2436eb5e8d00a8615') in 0.006371 seconds 
========================================================================
Received Import Request.
  Time since last request: 0.508277 seconds.
  path: Assets/Images/Text/Title
  artifactKey: Guid(09332f8fd17030e34b70d49522f97127) Importer(815301076,1909f56bfc062723c751e8b465ee728b)
Start importing Assets/Images/Text/Title using Guid(09332f8fd17030e34b70d49522f97127) Importer(815301076,1909f56bfc062723c751e8b465ee728b)  -> (artifact id: '654b7c2d6737ac4275d290979c88d686') in 0.005928 seconds 
========================================================================
Received Import Request.
  Time since last request: 0.107855 seconds.
  path: Assets/Images/Text/Title/Title Text.png
  artifactKey: Guid(34c401b13db9d0d31ab4c4c054b2c62c) Importer(815301076,1909f56bfc062723c751e8b465ee728b)
Start importing Assets/Images/Text/Title/Title Text.png using Guid(34c401b13db9d0d31ab4c4c054b2c62c) Importer(815301076,1909f56bfc062723c751e8b465ee728b)  -> (artifact id: 'b6fc123d476c1f518399349cbcdf31c4') in 0.084359 seconds 
========================================================================
Received Import Request.
  Time since last request: 11.478255 seconds.
  path: Assets/Images/Text/Title/Title Text.png
  artifactKey: Guid(34c401b13db9d0d31ab4c4c054b2c62c) Importer(815301076,1909f56bfc062723c751e8b465ee728b)
Start importing Assets/Images/Text/Title/Title Text.png using Guid(34c401b13db9d0d31ab4c4c054b2c62c) Importer(815301076,1909f56bfc062723c751e8b465ee728b)  -> (artifact id: '8fbb025b8d2ca27367cd1aada206d13e') in 0.067184 seconds 
========================================================================
Received Import Request.
  Time since last request: 288.660756 seconds.
  path: Assets/Images/Text/Title/Title_Text-removebg-preview.png
  artifactKey: Guid(b34a041805391d3898b7524d1ec7c93d) Importer(815301076,1909f56bfc062723c751e8b465ee728b)
Start importing Assets/Images/Text/Title/Title_Text-removebg-preview.png using Guid(b34a041805391d3898b7524d1ec7c93d) Importer(815301076,1909f56bfc062723c751e8b465ee728b)  -> (artifact id: '93e4192e3f276019bafb864c6a16b90a') in 0.025103 seconds 
========================================================================
Received Import Request.
  Time since last request: 8.811809 seconds.
  path: Assets/Images/Text/Title/Title_Text-removebg-preview.png
  artifactKey: Guid(b34a041805391d3898b7524d1ec7c93d) Importer(815301076,1909f56bfc062723c751e8b465ee728b)
Start importing Assets/Images/Text/Title/Title_Text-removebg-preview.png using Guid(b34a041805391d3898b7524d1ec7c93d) Importer(815301076,1909f56bfc062723c751e8b465ee728b)  -> (artifact id: 'b72be031078e993107ecd3ef62e86738') in 0.028143 seconds 
========================================================================
Received Import Request.
  Time since last request: 171.070401 seconds.
  path: Assets/Fonts
  artifactKey: Guid(1cacd96dc89a64ad48b6a62b3fc75f00) Importer(815301076,1909f56bfc062723c751e8b465ee728b)
Start importing Assets/Fonts using Guid(1cacd96dc89a64ad48b6a62b3fc75f00) Importer(815301076,1909f56bfc062723c751e8b465ee728b)  -> (artifact id: 'b194f3316064b50016d770b780e05b89') in 0.005534 seconds 
========================================================================
Received Import Request.
  Time since last request: 0.646457 seconds.
  path: Assets/Fonts/Mantinia Regular
  artifactKey: Guid(ee576083ba1b3e7d890d23639802b8d9) Importer(815301076,1909f56bfc062723c751e8b465ee728b)
Start importing Assets/Fonts/Mantinia Regular using Guid(ee576083ba1b3e7d890d23639802b8d9) Importer(815301076,1909f56bfc062723c751e8b465ee728b)  -> (artifact id: '913c374ee95f71b41d02bc516df35d27') in 0.004164 seconds 
========================================================================
Received Import Request.
  Time since last request: 0.574162 seconds.
  path: Assets/Fonts/Mantinia Regular/Mantinia Regular
  artifactKey: Guid(3df9926945a0d8c5d81ad9cfff956d83) Importer(815301076,1909f56bfc062723c751e8b465ee728b)
Start importing Assets/Fonts/Mantinia Regular/Mantinia Regular using Guid(3df9926945a0d8c5d81ad9cfff956d83) Importer(815301076,1909f56bfc062723c751e8b465ee728b)  -> (artifact id: '6883ec1bf9d435270fa750d1a45ff522') in 0.002855 seconds 
========================================================================
Received Import Request.
  Time since last request: 0.121367 seconds.
  path: Assets/Fonts/Mantinia Regular/Mantinia Regular/Mantinia Regular.otf
  artifactKey: Guid(13e8bd2e497e036d695a0b7ceb5032d4) Importer(815301076,1909f56bfc062723c751e8b465ee728b)
Start importing Assets/Fonts/Mantinia Regular/Mantinia Regular/Mantinia Regular.otf using Guid(13e8bd2e497e036d695a0b7ceb5032d4) Importer(815301076,1909f56bfc062723c751e8b465ee728b)  -> (artifact id: '8c5bdf40d0b191ef12dcf27f4cc49273') in 0.105202 seconds 
========================================================================
Received Import Request.
  Time since last request: 91.494788 seconds.
  path: Assets/TextMesh Pro/Resources/Fonts & Materials/LiberationSans SDF.asset
  artifactKey: Guid(8f586378b4e144a9851e7b34d9b748ee) Importer(815301076,1909f56bfc062723c751e8b465ee728b)
Start importing Assets/TextMesh Pro/Resources/Fonts & Materials/LiberationSans SDF.asset using Guid(8f586378b4e144a9851e7b34d9b748ee) Importer(815301076,1909f56bfc062723c751e8b465ee728b)  -> (artifact id: 'fdde4581b8440f624c22a4b4e2db07c7') in 0.273349 seconds 
========================================================================
Received Import Request.
  Time since last request: 0.000093 seconds.
  path: Assets/TextMesh Pro/Resources/Fonts & Materials/LiberationSans SDF - Fallback.asset
  artifactKey: Guid(2e498d1c8094910479dc3e1b768306a4) Importer(815301076,1909f56bfc062723c751e8b465ee728b)
Start importing Assets/TextMesh Pro/Resources/Fonts & Materials/LiberationSans SDF - Fallback.asset using Guid(2e498d1c8094910479dc3e1b768306a4) Importer(815301076,1909f56bfc062723c751e8b465ee728b)  -> (artifact id: 'd28655ff462b142f82c8d788c622b558') in 0.036571 seconds 
========================================================================
Received Import Request.
  Time since last request: 45.001574 seconds.
  path: Assets/TextMesh Pro/Fonts/LiberationSans.ttf
  artifactKey: Guid(e3265ab4bf004d28a9537516768c1c75) Importer(815301076,1909f56bfc062723c751e8b465ee728b)
Start importing Assets/TextMesh Pro/Fonts/LiberationSans.ttf using Guid(e3265ab4bf004d28a9537516768c1c75) Importer(815301076,1909f56bfc062723c751e8b465ee728b)  -> (artifact id: '572db614fb1388716ed626f98f682063') in 0.050733 seconds 
========================================================================
Received Import Request.
  Time since last request: 14.502710 seconds.
  path: Assets/Fonts/Mantinia Regular/Mantinia Regular/Mantinia Regular SDF.asset
  artifactKey: Guid(0ea3322a399ba6bc9a1d5b9449f883f0) Importer(815301076,1909f56bfc062723c751e8b465ee728b)
Start importing Assets/Fonts/Mantinia Regular/Mantinia Regular/Mantinia Regular SDF.asset using Guid(0ea3322a399ba6bc9a1d5b9449f883f0) Importer(815301076,1909f56bfc062723c751e8b465ee728b) Shader 'TextMeshPro/Distance Field': fallback shader 'TextMeshPro/Mobile/Distance Field' not found
 -> (artifact id: '52f7643011bd3e53fe9d967434c245de') in 0.264003 seconds 
========================================================================
Received Import Request.
  Time since last request: 281.223517 seconds.
  path: Assets/Fonts/Mantinia Regular/Mantinia Regular/Mantinia Regular SDF.asset
  artifactKey: Guid(0ea3322a399ba6bc9a1d5b9449f883f0) Importer(815301076,1909f56bfc062723c751e8b465ee728b)
Start importing Assets/Fonts/Mantinia Regular/Mantinia Regular/Mantinia Regular SDF.asset using Guid(0ea3322a399ba6bc9a1d5b9449f883f0) Importer(815301076,1909f56bfc062723c751e8b465ee728b) Shader 'TextMeshPro/Distance Field': fallback shader 'TextMeshPro/Mobile/Distance Field' not found
 -> (artifact id: 'ec154524866d701f49bb093781050623') in 0.046606 seconds 
========================================================================
Received Import Request.
  Time since last request: 207.720242 seconds.
  path: Assets/Scenes
  artifactKey: Guid(baddba0e01523ba0588ba8ce110c35f2) Importer(815301076,1909f56bfc062723c751e8b465ee728b)
Start importing Assets/Scenes using Guid(baddba0e01523ba0588ba8ce110c35f2) Importer(815301076,1909f56bfc062723c751e8b465ee728b)  -> (artifact id: 'aea1969e4eaed7fd222ec4b20988dc7a') in 0.005671 seconds 
========================================================================
Received Import Request.
  Time since last request: 1.018453 seconds.
  path: Assets/Scenes/SampleScene.unity
  artifactKey: Guid(9fc0d4010bbf28b4594072e72b8655ab) Importer(815301076,1909f56bfc062723c751e8b465ee728b)
Start importing Assets/Scenes/SampleScene.unity using Guid(9fc0d4010bbf28b4594072e72b8655ab) Importer(815301076,1909f56bfc062723c751e8b465ee728b)  -> (artifact id: 'a08fd6a77389a4b5b886a318eb6fad40') in 0.003004 seconds 
========================================================================
Received Import Request.
  Time since last request: 11.277087 seconds.
  path: Assets/Scenes/Title Screen.unity
  artifactKey: Guid(9fc0d4010bbf28b4594072e72b8655ab) Importer(815301076,1909f56bfc062723c751e8b465ee728b)
Start importing Assets/Scenes/Title Screen.unity using Guid(9fc0d4010bbf28b4594072e72b8655ab) Importer(815301076,1909f56bfc062723c751e8b465ee728b)  -> (artifact id: 'de5cb9ffbd58fbcb64ba4974392760aa') in 0.005968 seconds 
========================================================================
Received Import Request.
  Time since last request: 18.696479 seconds.
  path: Assets/Scripts
  artifactKey: Guid(c738e32f335999944bede165987e9ab9) Importer(815301076,1909f56bfc062723c751e8b465ee728b)
Start importing Assets/Scripts using Guid(c738e32f335999944bede165987e9ab9) Importer(815301076,1909f56bfc062723c751e8b465ee728b)  -> (artifact id: 'e073dd7b4d6c8fb2d2e2b80e87c54416') in 0.003365 seconds 
========================================================================
Received Import Request.
  Time since last request: 12.245219 seconds.
  path: Assets/Scripts/UI
  artifactKey: Guid(76979f51bd7f2a62186530f34dffb42d) Importer(815301076,1909f56bfc062723c751e8b465ee728b)
Start importing Assets/Scripts/UI using Guid(76979f51bd7f2a62186530f34dffb42d) Importer(815301076,1909f56bfc062723c751e8b465ee728b)  -> (artifact id: 'e01cb77435ec2d59e314cb989e57afd6') in 0.008710 seconds 
========================================================================
Received Import Request.
  Time since last request: 9.362574 seconds.
  path: Assets/Scripts/UI/Title Screen
  artifactKey: Guid(89a3f87b0140b95f09bdfb32395b12dd) Importer(815301076,1909f56bfc062723c751e8b465ee728b)
Start importing Assets/Scripts/UI/Title Screen using Guid(89a3f87b0140b95f09bdfb32395b12dd) Importer(815301076,1909f56bfc062723c751e8b465ee728b)  -> (artifact id: 'c7d2d34580d707817734be5ee7c153b6') in 0.004212 seconds 
========================================================================
Received Import Request.
  Time since last request: 21.285960 seconds.
  path: Assets/Scripts/UI/Title Screen/TitleScreenManager.cs
  artifactKey: Guid(0d370595d811ea1aaa120a1da87294f2) Importer(815301076,1909f56bfc062723c751e8b465ee728b)
Start importing Assets/Scripts/UI/Title Screen/TitleScreenManager.cs using Guid(0d370595d811ea1aaa120a1da87294f2) Importer(815301076,1909f56bfc062723c751e8b465ee728b)  -> (artifact id: '0e09d262d0b20e4fb252b5131b1235a6') in 0.005791 seconds 
========================================================================
Received Prepare
Registering precompiled user dll's ...
Registered in 0.012265 seconds.
Begin MonoManager ReloadAssembly
Symbol file LoadedFromMemory doesn't match image /home/famakerspace/Vindle Ring/Library/PackageCache/com.unity.visualscripting@1.8.0/Editor/VisualScripting.Core/Dependencies/YamlDotNet/Unity.VisualScripting.YamlDotNet.dll
Symbol file LoadedFromMemory doesn't match image /home/famakerspace/Vindle Ring/Library/PackageCache/com.unity.visualscripting@1.8.0/Editor/VisualScripting.Core/Dependencies/DotNetZip/Unity.VisualScripting.IonicZip.dll
Native extension for LinuxStandalone target not found
Refreshing native plugins compatible for Editor in 1.16 ms, found 0 plugins.
Preloading 0 native plugins for Editor in 0.00 ms.
Mono: successfully reloaded assembly
- Completed reload, in  3.881 seconds
Domain Reload Profiling:
	ReloadAssembly (3883ms)
		BeginReloadAssembly (649ms)
			ExecutionOrderSort (0ms)
			DisableScriptedObjects (21ms)
			BackupInstance (0ms)
			ReleaseScriptingObjects (1ms)
			CreateAndSetChildDomain (281ms)
		EndReloadAssembly (2803ms)
			LoadAssemblies (433ms)
			RebuildTransferFunctionScriptingTraits (1ms)
			SetupTypeCache (742ms)
			ReleaseScriptCaches (3ms)
			RebuildScriptCaches (127ms)
			SetupLoadedEditorAssemblies (1312ms)
				LogAssemblyErrors (0ms)
				InitializePlatformSupportModulesInManaged (18ms)
				SetLoadedEditorAssemblies (1ms)
				RefreshPlugins (1ms)
				BeforeProcessingInitializeOnLoad (139ms)
				ProcessInitializeOnLoadAttributes (882ms)
				ProcessInitializeOnLoadMethodAttributes (150ms)
				AfterProcessingInitializeOnLoad (115ms)
				EditorAssembliesLoaded (6ms)
			ExecutionOrderSort2 (0ms)
			AwakeInstancesAfterBackupRestoration (86ms)
Platform modules already initialized, skipping
Refreshing native plugins compatible for Editor in 50.83 ms, found 0 plugins.
Preloading 0 native plugins for Editor in 0.00 ms.
Unloading 3854 Unused Serialized files (Serialized files now loaded: 0)
Unloading 37 unused Assets / (470.1 KB). Loaded Objects now: 4358.
Memory consumption went from 146.6 MB to 146.2 MB.
Total: 11.668836 ms (FindLiveObjects: 0.930854 ms CreateObjectMapping: 1.015794 ms MarkObjects: 8.955553 ms  DeleteObjects: 0.760262 ms)

AssetImportParameters requested are different than current active one (requested -> active):
  custom:video-decoder-ogg-theora: a1e56fd34408186e4bbccfd4996cb3dc -> 
  custom:container-muxer-webm: aa71ff27fc2769a1b78a27578f13a17b -> 
  custom:container-demuxer-webm: 4f35f7cbe854078d1ac9338744f61a02 -> 
  custom:video-encoder-webm-vp8: eb34c28f22e8b96e1ab97ce403110664 -> 
  custom:CustomObjectIndexerAttribute: bc11b3a6c3213fcdd17b65e7da85e133 -> 
  custom:audio-encoder-webm-vorbis: bf7c407c2cedff20999df2af8eb42d56 -> 
  custom:container-demuxer-ogg: 62fdf1f143b41e24485cea50d1cbac27 -> 
  custom:video-decoder-webm-vp8: 9c59270c3fd7afecdb556c50c9e8de78 -> 
  custom:audio-decoder-ogg-vorbis: bf7c407c2cedff20999df2af8eb42d56 -> 
========================================================================
Received Prepare
Registering precompiled user dll's ...
Registered in 0.017824 seconds.
Begin MonoManager ReloadAssembly
Symbol file LoadedFromMemory doesn't match image /home/famakerspace/Vindle Ring/Library/PackageCache/com.unity.visualscripting@1.8.0/Editor/VisualScripting.Core/Dependencies/YamlDotNet/Unity.VisualScripting.YamlDotNet.dll
Symbol file LoadedFromMemory doesn't match image /home/famakerspace/Vindle Ring/Library/PackageCache/com.unity.visualscripting@1.8.0/Editor/VisualScripting.Core/Dependencies/DotNetZip/Unity.VisualScripting.IonicZip.dll
Native extension for LinuxStandalone target not found
Refreshing native plugins compatible for Editor in 1.44 ms, found 0 plugins.
Preloading 0 native plugins for Editor in 0.00 ms.
Mono: successfully reloaded assembly
- Completed reload, in  3.262 seconds
Domain Reload Profiling:
	ReloadAssembly (3269ms)
		BeginReloadAssembly (807ms)
			ExecutionOrderSort (0ms)
			DisableScriptedObjects (18ms)
			BackupInstance (0ms)
			ReleaseScriptingObjects (0ms)
			CreateAndSetChildDomain (151ms)
		EndReloadAssembly (2228ms)
			LoadAssemblies (748ms)
			RebuildTransferFunctionScriptingTraits (0ms)
			SetupTypeCache (741ms)
			ReleaseScriptCaches (4ms)
			RebuildScriptCaches (100ms)
			SetupLoadedEditorAssemblies (847ms)
				LogAssemblyErrors (0ms)
				InitializePlatformSupportModulesInManaged (17ms)
				SetLoadedEditorAssemblies (1ms)
				RefreshPlugins (2ms)
				BeforeProcessingInitializeOnLoad (136ms)
				ProcessInitializeOnLoadAttributes (555ms)
				ProcessInitializeOnLoadMethodAttributes (81ms)
				AfterProcessingInitializeOnLoad (53ms)
				EditorAssembliesLoaded (2ms)
			ExecutionOrderSort2 (0ms)
			AwakeInstancesAfterBackupRestoration (19ms)
Platform modules already initialized, skipping
Refreshing native plugins compatible for Editor in 13.94 ms, found 0 plugins.
Preloading 0 native plugins for Editor in 0.00 ms.
Unloading 3852 Unused Serialized files (Serialized files now loaded: 0)
Unloading 37 unused Assets / (470.3 KB). Loaded Objects now: 4361.
Memory consumption went from 146.4 MB to 146.0 MB.
Total: 10.212332 ms (FindLiveObjects: 0.982347 ms CreateObjectMapping: 0.666209 ms MarkObjects: 7.636551 ms  DeleteObjects: 0.890065 ms)

AssetImportParameters requested are different than current active one (requested -> active):
  custom:video-decoder-ogg-theora: a1e56fd34408186e4bbccfd4996cb3dc -> 
  custom:container-muxer-webm: aa71ff27fc2769a1b78a27578f13a17b -> 
  custom:container-demuxer-webm: 4f35f7cbe854078d1ac9338744f61a02 -> 
  custom:video-encoder-webm-vp8: eb34c28f22e8b96e1ab97ce403110664 -> 
  custom:CustomObjectIndexerAttribute: bc11b3a6c3213fcdd17b65e7da85e133 -> 
  custom:audio-encoder-webm-vorbis: bf7c407c2cedff20999df2af8eb42d56 -> 
  custom:container-demuxer-ogg: 62fdf1f143b41e24485cea50d1cbac27 -> 
  custom:video-decoder-webm-vp8: 9c59270c3fd7afecdb556c50c9e8de78 -> 
  custom:audio-decoder-ogg-vorbis: bf7c407c2cedff20999df2af8eb42d56 -> 
========================================================================
Received Import Request.
  Time since last request: 162.209899 seconds.
  path: Assets/Scripts/UI/Title Screen/TitleScreenManager.cs
  artifactKey: Guid(0d370595d811ea1aaa120a1da87294f2) Importer(815301076,1909f56bfc062723c751e8b465ee728b)
Start importing Assets/Scripts/UI/Title Screen/TitleScreenManager.cs using Guid(0d370595d811ea1aaa120a1da87294f2) Importer(815301076,1909f56bfc062723c751e8b465ee728b)  -> (artifact id: 'b4fc426f91f3ec1211236c6c4bd41b71') in 0.024956 seconds 
